<?xml version="1.0" encoding="UTF-8"?>
<!-- Generated by org.testng.reporters.JUnitXMLReporter -->
<testsuite hostname="DESKTOP-7EJ4QKC" ignored="0" name="TestPriority" tests="15" failures="3" timestamp="2020-09-23T23:55:23 IST" time="0.151" errors="0">
  <testcase name="LoginIntoApp" time="0.03" classname="preserveOrder.PriotyCheckingWithXMLandPriority2"/>
  <testcase name="LoginIntoApp" time="0.005" classname="preserveOrder.PriotyCheckingWithXMLandPriority3"/>
  <testcase name="LogoutFromApp" time="0.0" classname="preserveOrder.PriotyCheckingWithXMLandPriority2"/>
  <testcase name="LogoutFromApp" time="0.0" classname="preserveOrder.PriotyCheckingWithXMLandPriority3"/>
  <testcase name="alwaysrun" time="0.0" classname="preserveOrder.PriotyCheckingWithXMLandPriority2"/>
  <testcase name="alwaysrun" time="0.0" classname="preserveOrder.PriotyCheckingWithXMLandPriority3"/>
  <testcase name="startApa" time="0.0" classname="preserveOrder.PriotyCheckingWithXMLandPriority2"/>
  <testcase name="startApa" time="0.0" classname="preserveOrder.PriotyCheckingWithXMLandPriority3"/>
  <testcase name="startApp" time="0.011" classname="preserveOrder.PriotyCheckingWithXMLandPriority">
    <failure type="java.lang.AssertionError" message="Force fully failling the  expected [true] but found [false]">
      <![CDATA[java.lang.AssertionError: Force fully failling the  expected [true] but found [false]
at preserveOrder.PriotyCheckingWithXMLandPriority.startApp(PriotyCheckingWithXMLandPriority.java:10)
at java.util.ArrayList.forEach(ArrayList.java:1249)
... Removed 30 stack frames]]>
    </failure>
  </testcase> <!-- startApp -->
  <testcase name="startApp" time="0.0" classname="preserveOrder.PriotyCheckingWithXMLandPriority2">
    <failure type="java.lang.AssertionError" message="Force fully failling the  expected [true] but found [false]">
      <![CDATA[java.lang.AssertionError: Force fully failling the  expected [true] but found [false]
at preserveOrder.PriotyCheckingWithXMLandPriority2.startApp(PriotyCheckingWithXMLandPriority2.java:10)
at java.util.ArrayList.forEach(ArrayList.java:1249)
... Removed 30 stack frames]]>
    </failure>
  </testcase> <!-- startApp -->
  <testcase name="startApp" time="0.0" classname="preserveOrder.PriotyCheckingWithXMLandPriority3">
    <failure type="java.lang.AssertionError" message="Force fully failling the  expected [true] but found [false]">
      <![CDATA[java.lang.AssertionError: Force fully failling the  expected [true] but found [false]
at preserveOrder.PriotyCheckingWithXMLandPriority3.startApp(PriotyCheckingWithXMLandPriority3.java:10)
at java.util.ArrayList.forEach(ArrayList.java:1249)
... Removed 30 stack frames]]>
    </failure>
  </testcase> <!-- startApp -->
  <testcase name="startApa" time="0.0" classname="preserveOrder.PriotyCheckingWithXMLandPriority"/>
  <testcase name="alwaysrun" time="0.005" classname="preserveOrder.PriotyCheckingWithXMLandPriority"/>
  <testcase name="LoginIntoApp" time="0.0" classname="preserveOrder.PriotyCheckingWithXMLandPriority"/>
  <testcase name="LogoutFromApp" time="0.01" classname="preserveOrder.PriotyCheckingWithXMLandPriority"/>
</testsuite> <!-- TestPriority -->
