<?xml version="1.0" encoding="UTF-8"?>
<testng-results skipped="0" failed="0" ignored="0" total="1" passed="1">
  <reporter-output>
  </reporter-output>
  <suite name="Default suite" duration-ms="14381" started-at="2020-10-16T14:43:51 IST" finished-at="2020-10-16T14:44:05 IST">
    <groups>
    </groups>
    <test name="Default test" duration-ms="14381" started-at="2020-10-16T14:43:51 IST" finished-at="2020-10-16T14:44:05 IST">
      <class name="windows.TestWin1">
        <test-method status="PASS" signature="MultWin()[pri:0, instance:windows.TestWin1@fad74ee]" name="MultWin" duration-ms="14341" started-at="2020-10-16T14:43:51 IST" finished-at="2020-10-16T14:44:05 IST">
          <reporter-output>
          </reporter-output>
        </test-method> <!-- MultWin -->
      </class> <!-- windows.TestWin1 -->
    </test> <!-- Default test -->
  </suite> <!-- Default suite -->
</testng-results>
