<?xml version="1.0" encoding="UTF-8"?>
<!-- Generated by org.testng.reporters.JUnitXMLReporter -->
<testsuite hostname="DESKTOP-7EJ4QKC" ignored="0" name="Default test" tests="4" failures="0" timestamp="2021-01-08T00:04:29 IST" time="0.086" errors="0">
  <testcase name="verifyData1" time="0.0" classname="testNG.dataProvider"/>
  <testcase name="verifyData11" time="0.0" classname="testNG.dataProvider"/>
  <testcase name="verifyData11" time="0.002" classname="testNG.dataProvider"/>
  <testcase name="verifyData11" time="0.002" classname="testNG.dataProvider"/>
</testsuite> <!-- Default test -->
