<?xml version="1.0" encoding="UTF-8"?>
<!-- Generated by org.testng.reporters.JUnitXMLReporter -->
<testsuite hostname="DESKTOP-7EJ4QKC" ignored="0" name="Default test" tests="12" failures="0" timestamp="2020-09-19T13:41:52 IST" time="0.258" errors="0">
  <testcase name="testArrayListConverToInterger" time="0.012" classname="factoryInTestNG.DataProviderTestNG"/>
  <testcase name="testArrayListConverToInterger" time="0.005" classname="factoryInTestNG.DataProviderTestNG"/>
  <testcase name="testArrayListConverToInterger" time="0.002" classname="factoryInTestNG.DataProviderTestNG"/>
  <testcase name="testArrayListConverToInterger" time="0.002" classname="factoryInTestNG.DataProviderTestNG"/>
  <testcase name="withIteratorAndArray" time="0.003" classname="factoryInTestNG.DataProviderTestNG"/>
  <testcase name="withIteratorAndArray" time="0.004" classname="factoryInTestNG.DataProviderTestNG"/>
  <testcase name="withIteratorAndArray" time="0.003" classname="factoryInTestNG.DataProviderTestNG"/>
  <testcase name="withIteratorAndArray" time="0.003" classname="factoryInTestNG.DataProviderTestNG"/>
  <testcase name="withObjectArray" time="0.009" classname="factoryInTestNG.DataProviderTestNG"/>
  <testcase name="withObjectArray" time="0.007" classname="factoryInTestNG.DataProviderTestNG"/>
  <testcase name="withObjectArray" time="0.012" classname="factoryInTestNG.DataProviderTestNG"/>
  <testcase name="withObjectArray" time="0.002" classname="factoryInTestNG.DataProviderTestNG"/>
</testsuite> <!-- Default test -->
