<?xml version="1.0" encoding="UTF-8"?>
<!-- Generated by org.testng.reporters.JUnitXMLReporter -->
<testsuite hostname="DESKTOP-7EJ4QKC" ignored="3" name="Test1" tests="5" failures="1" timestamp="2020-09-23T22:45:24 IST" time="0.089" errors="0">
  <testcase name="startApp" time="0.011" classname="testNG.dependsOnMethod">
    <skipped/>
  </testcase> <!-- startApp -->
  <testcase name="startApp" time="0.001" classname="testNG.dependsOnMethod">
    <skipped/>
  </testcase> <!-- startApp -->
  <testcase name="startApp" time="0.001" classname="testNG.dependsOnMethod">
    <skipped/>
  </testcase> <!-- startApp -->
  <testcase name="startApp" time="0.002" classname="testNG.dependsOnMethod">
    <failure type="java.lang.AssertionError" message="Force fully failling the  expected [true] but found [false]">
      <![CDATA[java.lang.AssertionError: Force fully failling the  expected [true] but found [false]
at testNG.dependsOnMethod.startApp(dependsOnMethod.java:12)
at java.util.ArrayList.forEach(ArrayList.java:1249)
... Removed 30 stack frames]]>
    </failure>
  </testcase> <!-- startApp -->
  <testcase name="startAppqwe" time="0.002" classname="testNG.dependsOnMethod"/>
  <testcase name="LoginIntoApp" time="0.0" classname="testNG.dependsOnMethod">
    <ignored/>
  </testcase> <!-- LoginIntoApp -->
  <testcase name="alwaysrun" time="0.0" classname="testNG.dependsOnMethod">
    <ignored/>
  </testcase> <!-- alwaysrun -->
  <testcase name="LogoutFromApp" time="0.0" classname="testNG.dependsOnMethod">
    <ignored/>
  </testcase> <!-- LogoutFromApp -->
</testsuite> <!-- Test1 -->
